#
# A fatal error has been detected by the Java Runtime Environment:
#
#  EXCEPTION_ACCESS_VIOLATION (0xc0000005) at pc=0x00007fffbc38ac40, pid=5376, tid=1928
#
# JRE version: OpenJDK Runtime Environment Temurin-17.0.8.1+1 (17.0.8.1+1) (build 17.0.8.1+1)
# Java VM: OpenJDK 64-Bit Server VM Temurin-17.0.8.1+1 (17.0.8.1+1, mixed mode, tiered, compressed oops, compressed class ptrs, parallel gc, windows-amd64)
# Problematic frame:
# V  [jvm.dll+0x36ac40]
#
# No core dump will be written. Minidumps are not enabled by default on client versions of Windows
#
# If you would like to submit a bug report, please visit:
#   https://github.com/adoptium/adoptium-support/issues
#

---------------  S U M M A R Y ------------

Command Line: --add-modules=ALL-SYSTEM --add-opens=java.base/java.util=ALL-UNNAMED --add-opens=java.base/java.lang=ALL-UNNAMED --add-opens=java.base/sun.nio.fs=ALL-UNNAMED -Declipse.application=org.eclipse.jdt.ls.core.id1 -Dosgi.bundles.defaultStartLevel=4 -Declipse.product=org.eclipse.jdt.ls.core.product -Djava.import.generatesMetadataFilesAtProjectRoot=false -DDetectVMInstallationsJob.disabled=true -Dfile.encoding=utf8 -XX:+UseParallelGC -XX:GCTimeRatio=4 -XX:AdaptiveSizePolicyWeight=90 -Dsun.zip.disableMemoryMapping=true -Xmx1G -Xms100m -Xlog:disable -javaagent:c:\Users\admin\.vscode\extensions\redhat.java-1.23.0-win32-x64\lombok\lombok-1.18.30.jar -XX:+HeapDumpOnOutOfMemoryError -XX:HeapDumpPath=c:\Users\admin\AppData\Roaming\Code\User\workspaceStorage\4ef763888815eea709a27df586a60389\redhat.java -Daether.dependencyCollector.impl=bf c:\Users\admin\.vscode\extensions\redhat.java-1.23.0-win32-x64\server\plugins\org.eclipse.equinox.launcher_1.6.500.v20230717-2134.jar -configuration c:\Users\admin\AppData\Roaming\Code\User\globalStorage\redhat.java\1.23.0\config_win -data c:\Users\admin\AppData\Roaming\Code\User\workspaceStorage\4ef763888815eea709a27df586a60389\redhat.java\jdt_ws

Host: Intel(R) Core(TM) i3-5010U CPU @ 2.10GHz, 4 cores, 7G,  Windows 10 , 64 bit Build 19041 (10.0.19041.2546)
Time: Sat Oct 21 10:17:24 2023 Pacific Daylight Time elapsed time: 9.557158 seconds (0d 0h 0m 9s)

---------------  T H R E A D  ---------------

Current thread (0x0000016cfbddea30):  JavaThread "C2 CompilerThread1" daemon [_thread_in_native, id=1928, stack(0x00000007cb600000,0x00000007cb700000)]


Current CompileTask:
C2:   9557 3549       4       java.io.DataInputStream::readUTF (501 bytes)

Stack: [0x00000007cb600000,0x00000007cb700000],  sp=0x00000007cb6fb6a0,  free space=1005k
Native frames: (J=compiled Java code, j=interpreted, Vv=VM code, C=native code)
V  [jvm.dll+0x36ac40]
V  [jvm.dll+0x364061]
V  [jvm.dll+0x1bd235]
V  [jvm.dll+0x219d49]
V  [jvm.dll+0x219011]
V  [jvm.dll+0x1a534d]
V  [jvm.dll+0x228d8a]
V  [jvm.dll+0x226dcc]
V  [jvm.dll+0x7ec09b]
V  [jvm.dll+0x7e64ca]
V  [jvm.dll+0x677955]
C  [ucrtbase.dll+0x21bb2]
C  [KERNEL32.DLL+0x17614]
C  [ntdll.dll+0x526a1]


siginfo: EXCEPTION_ACCESS_VIOLATION (0xc0000005), reading address 0xffffffffffffffff


Register to memory mapping:

RIP=0x00007fffbc38ac40 jvm.dll
RAX=0x0 is NULL
RBX=0x00000007cb6fb6f0 is pointing into the stack for thread: 0x0000016cfbddea30
RCX=0x0 is NULL
RDX=0x00107fffbcb8f028 is an unknown value
RSP=0x00000007cb6fb6a0 is pointing into the stack for thread: 0x0000016cfbddea30
RBP=0x00000007cb6fb800 is pointing into the stack for thread: 0x0000016cfbddea30
RSI=0x00007fffbcb8f028 jvm.dll
RDI=0x0000000000000006 is an unknown value
R8 =0x0000016cfdee9590 points into unknown readable memory: 0x0000000c00000005 | 05 00 00 00 0c 00 00 00
R9 =0x0000000000000004 is an unknown value
R10=0x0000000000000003 is an unknown value
R11=0x0000016cfe9f9ec0 points into unknown readable memory: 0x00000001e0000000 | 00 00 00 e0 01 00 00 00
R12=0x0 is NULL
R13=0x0000016cf0dbeef0 points into unknown readable memory: 0x0000000000000000 | 00 00 00 00 00 00 00 00
R14=0x0000000000000022 is an unknown value
R15=0x00007fffbcb8f028 jvm.dll


Registers:
RAX=0x0000000000000000, RBX=0x00000007cb6fb6f0, RCX=0x0000000000000000, RDX=0x00107fffbcb8f028
RSP=0x00000007cb6fb6a0, RBP=0x00000007cb6fb800, RSI=0x00007fffbcb8f028, RDI=0x0000000000000006
R8 =0x0000016cfdee9590, R9 =0x0000000000000004, R10=0x0000000000000003, R11=0x0000016cfe9f9ec0
R12=0x0000000000000000, R13=0x0000016cf0dbeef0, R14=0x0000000000000022, R15=0x00007fffbcb8f028
RIP=0x00007fffbc38ac40, EFLAGS=0x0000000000010246

Top of Stack: (sp=0x00000007cb6fb6a0)
0x00000007cb6fb6a0:   0000016cfccde9e0 0000016cfe2dca00
0x00000007cb6fb6b0:   0000000000206208 00007fffbc983b28
0x00000007cb6fb6c0:   0000016cfdee9450 00007fffbc384061
0x00000007cb6fb6d0:   0000000000000b22 0000000000000b22
0x00000007cb6fb6e0:   0000016cfccde900 0000000000000000
0x00000007cb6fb6f0:   0000000000000000 0000000400000000
0x00000007cb6fb700:   0000000c00000000 00107fffbcb8f028
0x00000007cb6fb710:   0000016cfe53f110 0000016cfdee9590
0x00000007cb6fb720:   00000000000003d8 0000000000000000
0x00000007cb6fb730:   00000007cb6fb840 00007fffbc1dd235
0x00000007cb6fb740:   00000007cb6fbba0 00000007cb6fbc80
0x00000007cb6fb750:   0000016cfb321810 0000016cfb321800
0x00000007cb6fb760:   0000000000000000 00000007cb6fb820
0x00000007cb6fb770:   0000000000000006 0000016cfb321800
0x00000007cb6fb780:   0000016cfeb02710 0000016cfeb0a5e8
0x00000007cb6fb790:   0000016cfeb0a6f8 0000000000b86f40 

Instructions: (pc=0x00007fffbc38ac40)
0x00007fffbc38ab40:   48 8b a8 80 00 00 00 48 8b 8d d0 08 00 00 48 85
0x00007fffbc38ab50:   c9 75 0c e8 e8 0b 00 00 48 8b 8d d0 08 00 00 48
0x00007fffbc38ab60:   8b 01 0f 57 c0 48 89 85 d0 08 00 00 0f 11 01 0f
0x00007fffbc38ab70:   11 41 10 41 0f 10 06 0f 11 01 41 0f 10 4e 10 0f
0x00007fffbc38ab80:   11 49 10 48 8b 43 08 48 89 0c 06 ff c7 ba 50 00
0x00007fffbc38ab90:   00 00 3b bb 90 00 00 00 0f 82 62 ff ff ff 4c 8b
0x00007fffbc38aba0:   74 24 60 4c 8b 6c 24 58 4c 8b 64 24 50 48 8b c3
0x00007fffbc38abb0:   48 83 c4 20 41 5f 5f 5e 5d 5b c3 cc cc cc cc cc
0x00007fffbc38abc0:   40 53 48 83 ec 20 8b 51 0c 48 8b d9 83 fa 04 73
0x00007fffbc38abd0:   2a 4c 8b 59 18 66 66 66 0f 1f 84 00 00 00 00 00
0x00007fffbc38abe0:   44 8b d2 44 8d 4a 01 4b 83 3c d3 00 0f 85 8f 00
0x00007fffbc38abf0:   00 00 41 8b d1 41 83 f9 04 72 e5 48 89 74 24 30
0x00007fffbc38ac00:   48 89 7c 24 38 8b 79 10 3b 79 14 73 62 48 8d 35
0x00007fffbc38ac10:   14 44 80 00 0f 1f 40 00 0f 1f 84 00 00 00 00 00
0x00007fffbc38ac20:   48 8b 43 20 8b cf 48 8b 14 c8 48 3b d6 74 39 33
0x00007fffbc38ac30:   c0 48 89 53 18 33 c9 66 0f 1f 84 00 00 00 00 00
0x00007fffbc38ac40:   48 83 3c 11 00 44 8d 48 01 75 6f 48 83 c1 08 41
0x00007fffbc38ac50:   8b c1 41 83 f9 04 72 e8 48 8b 4b 28 48 85 c9 74
0x00007fffbc38ac60:   07 8b d7 e8 58 01 00 00 ff c7 3b 7b 14 72 b1 48
0x00007fffbc38ac70:   8b 74 24 30 33 c0 48 8b 7c 24 38 48 83 c4 20 5b
0x00007fffbc38ac80:   c3 8b 41 10 44 8d 04 82 41 c1 e0 06 41 81 c0 00
0x00007fffbc38ac90:   ff ff ff 44 89 41 08 4b 8b 14 d3 48 0f bc c2 44
0x00007fffbc38aca0:   89 49 0c 8b c8 48 d3 ea 48 ff ca 41 03 c0 48 89
0x00007fffbc38acb0:   13 89 43 08 48 83 c4 20 5b c3 48 8b 74 24 30 44
0x00007fffbc38acc0:   8d 04 b8 8b c8 8d 47 01 48 8b 7c 24 38 41 c1 e0
0x00007fffbc38acd0:   06 44 89 43 08 48 8b 14 ca 89 43 10 48 0f bc c2
0x00007fffbc38ace0:   44 89 4b 0c 8b c8 48 d3 ea 48 ff ca 41 03 c0 48
0x00007fffbc38acf0:   89 13 89 43 08 48 83 c4 20 5b c3 cc cc cc cc cc
0x00007fffbc38ad00:   40 53 48 83 ec 20 65 48 8b 04 25 58 00 00 00 8b
0x00007fffbc38ad10:   0d a3 2d 84 00 48 8b 1c c8 b8 50 00 00 00 80 3c
0x00007fffbc38ad20:   18 00 75 05 e8 2f 5e 52 00 b8 20 00 00 00 48 8b
0x00007fffbc38ad30:   04 18 48 8b 88 d8 04 00 00 48 8b 99 80 00 00 00 


Stack slot to memory mapping:
stack at sp + 0 slots: 0x0000016cfccde9e0 points into unknown readable memory: 0x0000000000000006 | 06 00 00 00 00 00 00 00
stack at sp + 1 slots: 0x0000016cfe2dca00 points into unknown readable memory: 0x0000000000000000 | 00 00 00 00 00 00 00 00
stack at sp + 2 slots: 0x0000000000206208 is an unknown value
stack at sp + 3 slots: 0x00007fffbc983b28 jvm.dll
stack at sp + 4 slots: 0x0000016cfdee9450 points into unknown readable memory: 0x0000000c00000004 | 04 00 00 00 0c 00 00 00
stack at sp + 5 slots: 0x00007fffbc384061 jvm.dll
stack at sp + 6 slots: 0x0000000000000b22 is an unknown value
stack at sp + 7 slots: 0x0000000000000b22 is an unknown value


---------------  P R O C E S S  ---------------

Threads class SMR info:
_java_thread_list=0x0000016cfc99f260, length=25, elements={
0x0000016cf0d4e830, 0x0000016cf0e1bf60, 0x0000016cf0e1ddb0, 0x0000016cf5ba8670,
0x0000016cf5ba9230, 0x0000016cf5bac4e0, 0x0000016cf5bb1b50, 0x0000016cf5bb3090,
0x0000016cf5bde5c0, 0x0000016cfae24fc0, 0x0000016cf0dc1e20, 0x0000016cfb10ca70,
0x0000016cfb6987d0, 0x0000016cfb5fca30, 0x0000016cfb5fcf10, 0x0000016cfc159cf0,
0x0000016cfc2af420, 0x0000016cfc2adad0, 0x0000016cfc2af930, 0x0000016cfc2adfe0,
0x0000016cfc2ae4f0, 0x0000016cfbddea30, 0x0000016cfc2afe40, 0x0000016cfc2ac690,
0x0000016cfc2aea00
}

Java Threads: ( => current thread )
  0x0000016cf0d4e830 JavaThread "main" [_thread_blocked, id=13156, stack(0x00000007c9b00000,0x00000007c9c00000)]
  0x0000016cf0e1bf60 JavaThread "Reference Handler" daemon [_thread_blocked, id=7776, stack(0x00000007c9e00000,0x00000007c9f00000)]
  0x0000016cf0e1ddb0 JavaThread "Finalizer" daemon [_thread_blocked, id=7216, stack(0x00000007c9f00000,0x00000007ca000000)]
  0x0000016cf5ba8670 JavaThread "Signal Dispatcher" daemon [_thread_blocked, id=10532, stack(0x00000007ca000000,0x00000007ca100000)]
  0x0000016cf5ba9230 JavaThread "Attach Listener" daemon [_thread_blocked, id=5952, stack(0x00000007ca100000,0x00000007ca200000)]
  0x0000016cf5bac4e0 JavaThread "Service Thread" daemon [_thread_blocked, id=9364, stack(0x00000007ca200000,0x00000007ca300000)]
  0x0000016cf5bb1b50 JavaThread "Monitor Deflation Thread" daemon [_thread_blocked, id=11608, stack(0x00000007ca300000,0x00000007ca400000)]
  0x0000016cf5bb3090 JavaThread "C2 CompilerThread0" daemon [_thread_in_native, id=3212, stack(0x00000007ca400000,0x00000007ca500000)]
  0x0000016cf5bde5c0 JavaThread "C1 CompilerThread0" daemon [_thread_blocked, id=13268, stack(0x00000007ca500000,0x00000007ca600000)]
  0x0000016cfae24fc0 JavaThread "Sweeper thread" daemon [_thread_blocked, id=2428, stack(0x00000007ca600000,0x00000007ca700000)]
  0x0000016cf0dc1e20 JavaThread "Common-Cleaner" daemon [_thread_blocked, id=8316, stack(0x00000007ca700000,0x00000007ca800000)]
  0x0000016cfb10ca70 JavaThread "Notification Thread" daemon [_thread_blocked, id=10204, stack(0x00000007ca800000,0x00000007ca900000)]
  0x0000016cfb6987d0 JavaThread "Active Thread: Equinox Container: 4b3ad4fe-20dc-4bb9-9acf-55b375905e00" [_thread_blocked, id=9484, stack(0x00000007cae00000,0x00000007caf00000)]
  0x0000016cfb5fca30 JavaThread "Framework Event Dispatcher: Equinox Container: 4b3ad4fe-20dc-4bb9-9acf-55b375905e00" daemon [_thread_blocked, id=1628, stack(0x00000007caf00000,0x00000007cb000000)]
  0x0000016cfb5fcf10 JavaThread "Start Level: Equinox Container: 4b3ad4fe-20dc-4bb9-9acf-55b375905e00" daemon [_thread_in_native, id=4280, stack(0x00000007cb000000,0x00000007cb100000)]
  0x0000016cfc159cf0 JavaThread "Bundle File Closer" daemon [_thread_blocked, id=11432, stack(0x00000007cb100000,0x00000007cb200000)]
  0x0000016cfc2af420 JavaThread "SCR Component Actor" daemon [_thread_blocked, id=9016, stack(0x00000007cb200000,0x00000007cb300000)]
  0x0000016cfc2adad0 JavaThread "SCR Component Registry" daemon [_thread_blocked, id=652, stack(0x00000007caa00000,0x00000007cab00000)]
  0x0000016cfc2af930 JavaThread "Worker-JM" [_thread_blocked, id=16160, stack(0x00000007cb300000,0x00000007cb400000)]
  0x0000016cfc2adfe0 JavaThread "Worker-0: Updating Maven Dependencies" [_thread_in_vm, id=15004, stack(0x00000007cb400000,0x00000007cb500000)]
  0x0000016cfc2ae4f0 JavaThread "Worker-1: Repository registry initialization" [_thread_blocked, id=9812, stack(0x00000007cb500000,0x00000007cb600000)]
=>0x0000016cfbddea30 JavaThread "C2 CompilerThread1" daemon [_thread_in_native, id=1928, stack(0x00000007cb600000,0x00000007cb700000)]
  0x0000016cfc2afe40 JavaThread "Worker-2" [_thread_blocked, id=8436, stack(0x00000007cb700000,0x00000007cb800000)]
  0x0000016cfc2ac690 JavaThread "Java indexing" daemon [_thread_blocked, id=16312, stack(0x00000007cb800000,0x00000007cb900000)]
  0x0000016cfc2aea00 JavaThread "Worker-3" [_thread_blocked, id=1532, stack(0x00000007cb900000,0x00000007cba00000)]

Other Threads:
  0x0000016cf0e14640 VMThread "VM Thread" [stack: 0x00000007c9d00000,0x00000007c9e00000] [id=8980]
  0x0000016cfb10cf50 WatcherThread [stack: 0x00000007ca900000,0x00000007caa00000] [id=5916]
  0x0000016cf0d743a0 GCTaskThread "GC Thread#0" [stack: 0x00000007c9c00000,0x00000007c9d00000] [id=16256]
  0x0000016cfb5d5da0 GCTaskThread "GC Thread#1" [stack: 0x00000007cab00000,0x00000007cac00000] [id=8668]
  0x0000016cfb5d6470 GCTaskThread "GC Thread#2" [stack: 0x00000007cac00000,0x00000007cad00000] [id=12752]
  0x0000016cfb73d380 GCTaskThread "GC Thread#3" [stack: 0x00000007cad00000,0x00000007cae00000] [id=4012]

Threads with active compile tasks:
C2 CompilerThread0     9696 3511       4       org.lombokweb.asm.ClassReader::readMethod (1066 bytes)
C2 CompilerThread1     9696 3549       4       java.io.DataInputStream::readUTF (501 bytes)

VM state: not at safepoint (normal execution)

VM Mutex/Monitor currently owned by a thread: None

Heap address: 0x00000000c0000000, size: 1024 MB, Compressed Oops mode: 32-bit

CDS archive(s) not mapped
Compressed class space mapped at: 0x0000000100000000-0x0000000140000000, reserved size: 1073741824
Narrow klass base: 0x0000000000000000, Narrow klass shift: 3, Narrow klass range: 0x140000000

GC Precious Log:
 CPUs: 4 total, 4 available
 Memory: 8094M
 Large Page Support: Disabled
 NUMA Support: Disabled
 Compressed Oops: Enabled (32-bit)
 Alignments: Space 512K, Generation 512K, Heap 2M
 Heap Min Capacity: 100M
 Heap Initial Capacity: 100M
 Heap Max Capacity: 1G
 Pre-touch: Disabled
 Parallel Workers: 4

Heap:
 PSYoungGen      total 26112K, used 11780K [0x00000000eab00000, 0x00000000ec980000, 0x0000000100000000)
  eden space 23552K, 40% used [0x00000000eab00000,0x00000000eb466c20,0x00000000ec200000)
  from space 2560K, 84% used [0x00000000ec480000,0x00000000ec69a4f8,0x00000000ec700000)
  to   space 2560K, 0% used [0x00000000ec700000,0x00000000ec700000,0x00000000ec980000)
 ParOldGen       total 68608K, used 14029K [0x00000000c0000000, 0x00000000c4300000, 0x00000000eab00000)
  object space 68608K, 20% used [0x00000000c0000000,0x00000000c0db3578,0x00000000c4300000)
 Metaspace       used 34566K, committed 35264K, reserved 1114112K
  class space    used 3423K, committed 3776K, reserved 1048576K

Card table byte_map: [0x0000016cf0700000,0x0000016cf0910000] _byte_map_base: 0x0000016cf0100000

Marking Bits: (ParMarkBitMap*) 0x00007fffbcba83a0
 Begin Bits: [0x0000016cf39e0000, 0x0000016cf49e0000)
 End Bits:   [0x0000016cf49e0000, 0x0000016cf59e0000)

Polling page: 0x0000016ceebc0000

Metaspace:

Usage:
  Non-class:     30.41 MB used.
      Class:      3.34 MB used.
       Both:     33.76 MB used.

Virtual space:
  Non-class space:       64.00 MB reserved,      30.75 MB ( 48%) committed,  1 nodes.
      Class space:        1.00 GB reserved,       3.69 MB ( <1%) committed,  1 nodes.
             Both:        1.06 GB reserved,      34.44 MB (  3%) committed. 

Chunk freelists:
   Non-Class:  1.20 MB
       Class:  12.34 MB
        Both:  13.55 MB

MaxMetaspaceSize: unlimited
CompressedClassSpaceSize: 1.00 GB
Initial GC threshold: 21.00 MB
Current GC threshold: 35.00 MB
CDS: off
MetaspaceReclaimPolicy: balanced
 - commit_granule_bytes: 65536.
 - commit_granule_words: 8192.
 - virtual_space_node_default_size: 8388608.
 - enlarge_chunks_in_place: 1.
 - new_chunks_are_fully_committed: 0.
 - uncommit_free_chunks: 1.
 - use_allocation_guard: 0.
 - handle_deallocations: 1.


Internal statistics:

num_allocs_failed_limit: 3.
num_arena_births: 352.
num_arena_deaths: 14.
num_vsnodes_births: 2.
num_vsnodes_deaths: 0.
num_space_committed: 551.
num_space_uncommitted: 0.
num_chunks_returned_to_freelist: 17.
num_chunks_taken_from_freelist: 1375.
num_chunk_merges: 7.
num_chunk_splits: 903.
num_chunks_enlarged: 633.
num_inconsistent_stats: 0.

CodeHeap 'non-profiled nmethods': size=120000Kb used=1494Kb max_used=1494Kb free=118505Kb
 bounds [0x0000016c87ad0000, 0x0000016c87d40000, 0x0000016c8f000000]
CodeHeap 'profiled nmethods': size=120000Kb used=7878Kb max_used=7878Kb free=112122Kb
 bounds [0x0000016c80000000, 0x0000016c807c0000, 0x0000016c87530000]
CodeHeap 'non-nmethods': size=5760Kb used=1249Kb max_used=1255Kb free=4510Kb
 bounds [0x0000016c87530000, 0x0000016c877a0000, 0x0000016c87ad0000]
 total_blobs=4182 nmethods=3611 adapters=484
 compilation: enabled
              stopped_count=0, restarted_count=0
 full_count=0

Compilation events (20 events):
Event: 9.387 Thread 0x0000016cf5bde5c0 3604       3       org.eclipse.core.internal.registry.ConfigurationElementHandle::<init> (7 bytes)
Event: 9.387 Thread 0x0000016cf5bde5c0 nmethod 3604 0x0000016c807a8910 code [0x0000016c807a8ac0, 0x0000016c807a8c98]
Event: 9.388 Thread 0x0000016cf5bde5c0 3605       3       java.lang.invoke.DirectMethodHandle$Holder::invokeStatic (17 bytes)
Event: 9.389 Thread 0x0000016cf5bde5c0 nmethod 3605 0x0000016c807a8d90 code [0x0000016c807a8f60, 0x0000016c807a92d8]
Event: 9.390 Thread 0x0000016cf5bde5c0 3606       3       org.eclipse.osgi.internal.framework.FilterImpl::newInstance (13 bytes)
Event: 9.391 Thread 0x0000016cf5bde5c0 nmethod 3606 0x0000016c807a9410 code [0x0000016c807a9600, 0x0000016c807a9a68]
Event: 9.391 Thread 0x0000016cf5bde5c0 3607       3       org.eclipse.osgi.internal.framework.FilterImpl$Parser::<init> (28 bytes)
Event: 9.391 Thread 0x0000016cf5bde5c0 nmethod 3607 0x0000016c807a9c90 code [0x0000016c807a9e60, 0x0000016c807aa1f8]
Event: 9.391 Thread 0x0000016cf5bde5c0 3608   !   3       org.eclipse.osgi.internal.framework.FilterImpl$Parser::parse (68 bytes)
Event: 9.393 Thread 0x0000016cf5bde5c0 nmethod 3608 0x0000016c807aa390 code [0x0000016c807aa5c0, 0x0000016c807aace8]
Event: 9.396 Thread 0x0000016cf5bde5c0 3609       3       java.lang.Character::toUpperCase (6 bytes)
Event: 9.397 Thread 0x0000016cf5bde5c0 nmethod 3609 0x0000016c807ab090 code [0x0000016c807ab240, 0x0000016c807ab498]
Event: 9.397 Thread 0x0000016cf5bde5c0 3610       3       java.lang.Character::toUpperCase (9 bytes)
Event: 9.397 Thread 0x0000016cf5bde5c0 nmethod 3610 0x0000016c807ab590 code [0x0000016c807ab740, 0x0000016c807ab938]
Event: 9.397 Thread 0x0000016cf5bde5c0 3611       3       java.util.TreeMap::leftOf (13 bytes)
Event: 9.398 Thread 0x0000016cf5bde5c0 nmethod 3611 0x0000016c807aba10 code [0x0000016c807abba0, 0x0000016c807abd18]
Event: 9.398 Thread 0x0000016cf5bde5c0 3612       3       java.util.TreeMap::colorOf (13 bytes)
Event: 9.398 Thread 0x0000016cf5bde5c0 nmethod 3612 0x0000016c807abe10 code [0x0000016c807abfa0, 0x0000016c807ac0f8]
Event: 9.426 Thread 0x0000016cf5bde5c0 3613       3       java.lang.NamedPackage::<init> (59 bytes)
Event: 9.427 Thread 0x0000016cf5bde5c0 nmethod 3613 0x0000016c807ac190 code [0x0000016c807ac420, 0x0000016c807ace58]

GC Heap History (20 events):
Event: 2.845 GC heap before
{Heap before GC invocations=1 (full 0):
 PSYoungGen      total 29696K, used 25600K [0x00000000eab00000, 0x00000000ecc00000, 0x0000000100000000)
  eden space 25600K, 100% used [0x00000000eab00000,0x00000000ec400000,0x00000000ec400000)
  from space 4096K, 0% used [0x00000000ec800000,0x00000000ec800000,0x00000000ecc00000)
  to   space 4096K, 0% used [0x00000000ec400000,0x00000000ec400000,0x00000000ec800000)
 ParOldGen       total 68608K, used 0K [0x00000000c0000000, 0x00000000c4300000, 0x00000000eab00000)
  object space 68608K, 0% used [0x00000000c0000000,0x00000000c0000000,0x00000000c4300000)
 Metaspace       used 11035K, committed 11200K, reserved 1114112K
  class space    used 1099K, committed 1216K, reserved 1048576K
}
Event: 2.855 GC heap after
{Heap after GC invocations=1 (full 0):
 PSYoungGen      total 29696K, used 3187K [0x00000000eab00000, 0x00000000ecc00000, 0x0000000100000000)
  eden space 25600K, 0% used [0x00000000eab00000,0x00000000eab00000,0x00000000ec400000)
  from space 4096K, 77% used [0x00000000ec400000,0x00000000ec71cc18,0x00000000ec800000)
  to   space 4096K, 0% used [0x00000000ec800000,0x00000000ec800000,0x00000000ecc00000)
 ParOldGen       total 68608K, used 8K [0x00000000c0000000, 0x00000000c4300000, 0x00000000eab00000)
  object space 68608K, 0% used [0x00000000c0000000,0x00000000c0002000,0x00000000c4300000)
 Metaspace       used 11035K, committed 11200K, reserved 1114112K
  class space    used 1099K, committed 1216K, reserved 1048576K
}
Event: 4.583 GC heap before
{Heap before GC invocations=2 (full 0):
 PSYoungGen      total 29696K, used 28787K [0x00000000eab00000, 0x00000000ecc00000, 0x0000000100000000)
  eden space 25600K, 100% used [0x00000000eab00000,0x00000000ec400000,0x00000000ec400000)
  from space 4096K, 77% used [0x00000000ec400000,0x00000000ec71cc18,0x00000000ec800000)
  to   space 4096K, 0% used [0x00000000ec800000,0x00000000ec800000,0x00000000ecc00000)
 ParOldGen       total 68608K, used 8K [0x00000000c0000000, 0x00000000c4300000, 0x00000000eab00000)
  object space 68608K, 0% used [0x00000000c0000000,0x00000000c0002000,0x00000000c4300000)
 Metaspace       used 14645K, committed 14912K, reserved 1114112K
  class space    used 1471K, committed 1600K, reserved 1048576K
}
Event: 4.593 GC heap after
{Heap after GC invocations=2 (full 0):
 PSYoungGen      total 29696K, used 4088K [0x00000000eab00000, 0x00000000ecc00000, 0x0000000100000000)
  eden space 25600K, 0% used [0x00000000eab00000,0x00000000eab00000,0x00000000ec400000)
  from space 4096K, 99% used [0x00000000ec800000,0x00000000ecbfe048,0x00000000ecc00000)
  to   space 4096K, 0% used [0x00000000ec400000,0x00000000ec400000,0x00000000ec800000)
 ParOldGen       total 68608K, used 1476K [0x00000000c0000000, 0x00000000c4300000, 0x00000000eab00000)
  object space 68608K, 2% used [0x00000000c0000000,0x00000000c0171380,0x00000000c4300000)
 Metaspace       used 14645K, committed 14912K, reserved 1114112K
  class space    used 1471K, committed 1600K, reserved 1048576K
}
Event: 5.528 GC heap before
{Heap before GC invocations=3 (full 0):
 PSYoungGen      total 29696K, used 29688K [0x00000000eab00000, 0x00000000ecc00000, 0x0000000100000000)
  eden space 25600K, 100% used [0x00000000eab00000,0x00000000ec400000,0x00000000ec400000)
  from space 4096K, 99% used [0x00000000ec800000,0x00000000ecbfe048,0x00000000ecc00000)
  to   space 4096K, 0% used [0x00000000ec400000,0x00000000ec400000,0x00000000ec800000)
 ParOldGen       total 68608K, used 1476K [0x00000000c0000000, 0x00000000c4300000, 0x00000000eab00000)
  object space 68608K, 2% used [0x00000000c0000000,0x00000000c0171380,0x00000000c4300000)
 Metaspace       used 16884K, committed 17216K, reserved 1114112K
  class space    used 1703K, committed 1856K, reserved 1048576K
}
Event: 5.542 GC heap after
{Heap after GC invocations=3 (full 0):
 PSYoungGen      total 29696K, used 4084K [0x00000000eab00000, 0x00000000ecc00000, 0x0000000100000000)
  eden space 25600K, 0% used [0x00000000eab00000,0x00000000eab00000,0x00000000ec400000)
  from space 4096K, 99% used [0x00000000ec400000,0x00000000ec7fd308,0x00000000ec800000)
  to   space 4096K, 0% used [0x00000000ec800000,0x00000000ec800000,0x00000000ecc00000)
 ParOldGen       total 68608K, used 5262K [0x00000000c0000000, 0x00000000c4300000, 0x00000000eab00000)
  object space 68608K, 7% used [0x00000000c0000000,0x00000000c0523ad0,0x00000000c4300000)
 Metaspace       used 16884K, committed 17216K, reserved 1114112K
  class space    used 1703K, committed 1856K, reserved 1048576K
}
Event: 6.497 GC heap before
{Heap before GC invocations=4 (full 0):
 PSYoungGen      total 29696K, used 29684K [0x00000000eab00000, 0x00000000ecc00000, 0x0000000100000000)
  eden space 25600K, 100% used [0x00000000eab00000,0x00000000ec400000,0x00000000ec400000)
  from space 4096K, 99% used [0x00000000ec400000,0x00000000ec7fd308,0x00000000ec800000)
  to   space 4096K, 0% used [0x00000000ec800000,0x00000000ec800000,0x00000000ecc00000)
 ParOldGen       total 68608K, used 5262K [0x00000000c0000000, 0x00000000c4300000, 0x00000000eab00000)
  object space 68608K, 7% used [0x00000000c0000000,0x00000000c0523ad0,0x00000000c4300000)
 Metaspace       used 20407K, committed 20800K, reserved 1114112K
  class space    used 2051K, committed 2240K, reserved 1048576K
}
Event: 6.505 GC heap after
{Heap after GC invocations=4 (full 0):
 PSYoungGen      total 29696K, used 4094K [0x00000000eab00000, 0x00000000ecc00000, 0x0000000100000000)
  eden space 25600K, 0% used [0x00000000eab00000,0x00000000eab00000,0x00000000ec400000)
  from space 4096K, 99% used [0x00000000ec800000,0x00000000ecbff950,0x00000000ecc00000)
  to   space 4096K, 0% used [0x00000000ec400000,0x00000000ec400000,0x00000000ec800000)
 ParOldGen       total 68608K, used 6463K [0x00000000c0000000, 0x00000000c4300000, 0x00000000eab00000)
  object space 68608K, 9% used [0x00000000c0000000,0x00000000c064fd88,0x00000000c4300000)
 Metaspace       used 20407K, committed 20800K, reserved 1114112K
  class space    used 2051K, committed 2240K, reserved 1048576K
}
Event: 6.754 GC heap before
{Heap before GC invocations=5 (full 0):
 PSYoungGen      total 29696K, used 8834K [0x00000000eab00000, 0x00000000ecc00000, 0x0000000100000000)
  eden space 25600K, 18% used [0x00000000eab00000,0x00000000eafa1020,0x00000000ec400000)
  from space 4096K, 99% used [0x00000000ec800000,0x00000000ecbff950,0x00000000ecc00000)
  to   space 4096K, 0% used [0x00000000ec400000,0x00000000ec400000,0x00000000ec800000)
 ParOldGen       total 68608K, used 6463K [0x00000000c0000000, 0x00000000c4300000, 0x00000000eab00000)
  object space 68608K, 9% used [0x00000000c0000000,0x00000000c064fd88,0x00000000c4300000)
 Metaspace       used 21104K, committed 21504K, reserved 1114112K
  class space    used 2119K, committed 2304K, reserved 1048576K
}
Event: 6.759 GC heap after
{Heap after GC invocations=5 (full 0):
 PSYoungGen      total 29696K, used 4089K [0x00000000eab00000, 0x00000000ece00000, 0x0000000100000000)
  eden space 25600K, 0% used [0x00000000eab00000,0x00000000eab00000,0x00000000ec400000)
  from space 4096K, 99% used [0x00000000ec400000,0x00000000ec7fe590,0x00000000ec800000)
  to   space 5120K, 0% used [0x00000000ec900000,0x00000000ec900000,0x00000000ece00000)
 ParOldGen       total 68608K, used 6899K [0x00000000c0000000, 0x00000000c4300000, 0x00000000eab00000)
  object space 68608K, 10% used [0x00000000c0000000,0x00000000c06bcdb8,0x00000000c4300000)
 Metaspace       used 21104K, committed 21504K, reserved 1114112K
  class space    used 2119K, committed 2304K, reserved 1048576K
}
Event: 6.759 GC heap before
{Heap before GC invocations=6 (full 1):
 PSYoungGen      total 29696K, used 4089K [0x00000000eab00000, 0x00000000ece00000, 0x0000000100000000)
  eden space 25600K, 0% used [0x00000000eab00000,0x00000000eab00000,0x00000000ec400000)
  from space 4096K, 99% used [0x00000000ec400000,0x00000000ec7fe590,0x00000000ec800000)
  to   space 5120K, 0% used [0x00000000ec900000,0x00000000ec900000,0x00000000ece00000)
 ParOldGen       total 68608K, used 6899K [0x00000000c0000000, 0x00000000c4300000, 0x00000000eab00000)
  object space 68608K, 10% used [0x00000000c0000000,0x00000000c06bcdb8,0x00000000c4300000)
 Metaspace       used 21104K, committed 21504K, reserved 1114112K
  class space    used 2119K, committed 2304K, reserved 1048576K
}
Event: 6.824 GC heap after
{Heap after GC invocations=6 (full 1):
 PSYoungGen      total 29696K, used 0K [0x00000000eab00000, 0x00000000ece00000, 0x0000000100000000)
  eden space 25600K, 0% used [0x00000000eab00000,0x00000000eab00000,0x00000000ec400000)
  from space 4096K, 0% used [0x00000000ec400000,0x00000000ec400000,0x00000000ec800000)
  to   space 5120K, 0% used [0x00000000ec900000,0x00000000ec900000,0x00000000ece00000)
 ParOldGen       total 68608K, used 10629K [0x00000000c0000000, 0x00000000c4300000, 0x00000000eab00000)
  object space 68608K, 15% used [0x00000000c0000000,0x00000000c0a616f8,0x00000000c4300000)
 Metaspace       used 21091K, committed 21504K, reserved 1114112K
  class space    used 2116K, committed 2304K, reserved 1048576K
}
Event: 7.492 GC heap before
{Heap before GC invocations=7 (full 1):
 PSYoungGen      total 29696K, used 25600K [0x00000000eab00000, 0x00000000ece00000, 0x0000000100000000)
  eden space 25600K, 100% used [0x00000000eab00000,0x00000000ec400000,0x00000000ec400000)
  from space 4096K, 0% used [0x00000000ec400000,0x00000000ec400000,0x00000000ec800000)
  to   space 5120K, 0% used [0x00000000ec900000,0x00000000ec900000,0x00000000ece00000)
 ParOldGen       total 68608K, used 10629K [0x00000000c0000000, 0x00000000c4300000, 0x00000000eab00000)
  object space 68608K, 15% used [0x00000000c0000000,0x00000000c0a616f8,0x00000000c4300000)
 Metaspace       used 24470K, committed 25024K, reserved 1114112K
  class space    used 2480K, committed 2752K, reserved 1048576K
}
Event: 7.497 GC heap after
{Heap after GC invocations=7 (full 1):
 PSYoungGen      total 26624K, used 1205K [0x00000000eab00000, 0x00000000eca80000, 0x0000000100000000)
  eden space 25088K, 0% used [0x00000000eab00000,0x00000000eab00000,0x00000000ec380000)
  from space 1536K, 78% used [0x00000000ec900000,0x00000000eca2d5f0,0x00000000eca80000)
  to   space 2560K, 0% used [0x00000000ec580000,0x00000000ec580000,0x00000000ec800000)
 ParOldGen       total 68608K, used 10637K [0x00000000c0000000, 0x00000000c4300000, 0x00000000eab00000)
  object space 68608K, 15% used [0x00000000c0000000,0x00000000c0a636f8,0x00000000c4300000)
 Metaspace       used 24470K, committed 25024K, reserved 1114112K
  class space    used 2480K, committed 2752K, reserved 1048576K
}
Event: 8.231 GC heap before
{Heap before GC invocations=8 (full 1):
 PSYoungGen      total 26624K, used 26293K [0x00000000eab00000, 0x00000000eca80000, 0x0000000100000000)
  eden space 25088K, 100% used [0x00000000eab00000,0x00000000ec380000,0x00000000ec380000)
  from space 1536K, 78% used [0x00000000ec900000,0x00000000eca2d5f0,0x00000000eca80000)
  to   space 2560K, 0% used [0x00000000ec580000,0x00000000ec580000,0x00000000ec800000)
 ParOldGen       total 68608K, used 10637K [0x00000000c0000000, 0x00000000c4300000, 0x00000000eab00000)
  object space 68608K, 15% used [0x00000000c0000000,0x00000000c0a636f8,0x00000000c4300000)
 Metaspace       used 27472K, committed 28096K, reserved 1114112K
  class space    used 2787K, committed 3072K, reserved 1048576K
}
Event: 8.236 GC heap after
{Heap after GC invocations=8 (full 1):
 PSYoungGen      total 27136K, used 2546K [0x00000000eab00000, 0x00000000ecf00000, 0x0000000100000000)
  eden space 24576K, 0% used [0x00000000eab00000,0x00000000eab00000,0x00000000ec300000)
  from space 2560K, 99% used [0x00000000ec580000,0x00000000ec7fcbb8,0x00000000ec800000)
  to   space 6144K, 0% used [0x00000000ec900000,0x00000000ec900000,0x00000000ecf00000)
 ParOldGen       total 68608K, used 13159K [0x00000000c0000000, 0x00000000c4300000, 0x00000000eab00000)
  object space 68608K, 19% used [0x00000000c0000000,0x00000000c0cd9c48,0x00000000c4300000)
 Metaspace       used 27472K, committed 28096K, reserved 1114112K
  class space    used 2787K, committed 3072K, reserved 1048576K
}
Event: 8.715 GC heap before
{Heap before GC invocations=9 (full 1):
 PSYoungGen      total 27136K, used 27089K [0x00000000eab00000, 0x00000000ecf00000, 0x0000000100000000)
  eden space 24576K, 99% used [0x00000000eab00000,0x00000000ec2f78d0,0x00000000ec300000)
  from space 2560K, 99% used [0x00000000ec580000,0x00000000ec7fcbb8,0x00000000ec800000)
  to   space 6144K, 0% used [0x00000000ec900000,0x00000000ec900000,0x00000000ecf00000)
 ParOldGen       total 68608K, used 13159K [0x00000000c0000000, 0x00000000c4300000, 0x00000000eab00000)
  object space 68608K, 19% used [0x00000000c0000000,0x00000000c0cd9c48,0x00000000c4300000)
 Metaspace       used 30651K, committed 31296K, reserved 1114112K
  class space    used 3021K, committed 3264K, reserved 1048576K
}
Event: 8.718 GC heap after
{Heap after GC invocations=9 (full 1):
 PSYoungGen      total 27648K, used 3401K [0x00000000eab00000, 0x00000000ecc80000, 0x0000000100000000)
  eden space 24064K, 0% used [0x00000000eab00000,0x00000000eab00000,0x00000000ec280000)
  from space 3584K, 94% used [0x00000000ec900000,0x00000000ecc526c8,0x00000000ecc80000)
  to   space 4096K, 0% used [0x00000000ec480000,0x00000000ec480000,0x00000000ec880000)
 ParOldGen       total 68608K, used 13167K [0x00000000c0000000, 0x00000000c4300000, 0x00000000eab00000)
  object space 68608K, 19% used [0x00000000c0000000,0x00000000c0cdbc48,0x00000000c4300000)
 Metaspace       used 30651K, committed 31296K, reserved 1114112K
  class space    used 3021K, committed 3264K, reserved 1048576K
}
Event: 9.373 GC heap before
{Heap before GC invocations=10 (full 1):
 PSYoungGen      total 27648K, used 27465K [0x00000000eab00000, 0x00000000ecc80000, 0x0000000100000000)
  eden space 24064K, 100% used [0x00000000eab00000,0x00000000ec280000,0x00000000ec280000)
  from space 3584K, 94% used [0x00000000ec900000,0x00000000ecc526c8,0x00000000ecc80000)
  to   space 4096K, 0% used [0x00000000ec480000,0x00000000ec480000,0x00000000ec880000)
 ParOldGen       total 68608K, used 13167K [0x00000000c0000000, 0x00000000c4300000, 0x00000000eab00000)
  object space 68608K, 19% used [0x00000000c0000000,0x00000000c0cdbc48,0x00000000c4300000)
 Metaspace       used 33102K, committed 33728K, reserved 1114112K
  class space    used 3226K, committed 3520K, reserved 1048576K
}
Event: 9.377 GC heap after
{Heap after GC invocations=10 (full 1):
 PSYoungGen      total 26112K, used 2153K [0x00000000eab00000, 0x00000000ec980000, 0x0000000100000000)
  eden space 23552K, 0% used [0x00000000eab00000,0x00000000eab00000,0x00000000ec200000)
  from space 2560K, 84% used [0x00000000ec480000,0x00000000ec69a4f8,0x00000000ec700000)
  to   space 2560K, 0% used [0x00000000ec700000,0x00000000ec700000,0x00000000ec980000)
 ParOldGen       total 68608K, used 14029K [0x00000000c0000000, 0x00000000c4300000, 0x00000000eab00000)
  object space 68608K, 20% used [0x00000000c0000000,0x00000000c0db3578,0x00000000c4300000)
 Metaspace       used 33102K, committed 33728K, reserved 1114112K
  class space    used 3226K, committed 3520K, reserved 1048576K
}

Dll operation events (9 events):
Event: 0.031 Loaded shared library c:\Users\admin\.vscode\extensions\redhat.java-1.23.0-win32-x64\jre\17.0.8.1-win32-x86_64\bin\java.dll
Event: 0.591 Loaded shared library c:\Users\admin\.vscode\extensions\redhat.java-1.23.0-win32-x64\jre\17.0.8.1-win32-x86_64\bin\zip.dll
Event: 0.596 Loaded shared library C:\Users\admin\.vscode\extensions\redhat.java-1.23.0-win32-x64\jre\17.0.8.1-win32-x86_64\bin\instrument.dll
Event: 0.628 Loaded shared library C:\Users\admin\.vscode\extensions\redhat.java-1.23.0-win32-x64\jre\17.0.8.1-win32-x86_64\bin\net.dll
Event: 0.633 Loaded shared library C:\Users\admin\.vscode\extensions\redhat.java-1.23.0-win32-x64\jre\17.0.8.1-win32-x86_64\bin\nio.dll
Event: 0.656 Loaded shared library C:\Users\admin\.vscode\extensions\redhat.java-1.23.0-win32-x64\jre\17.0.8.1-win32-x86_64\bin\zip.dll
Event: 0.710 Loaded shared library C:\Users\admin\.vscode\extensions\redhat.java-1.23.0-win32-x64\jre\17.0.8.1-win32-x86_64\bin\jimage.dll
Event: 0.880 Loaded shared library c:\Users\admin\.vscode\extensions\redhat.java-1.23.0-win32-x64\jre\17.0.8.1-win32-x86_64\bin\verify.dll
Event: 4.359 Loaded shared library C:\Users\admin\AppData\Roaming\Code\User\globalStorage\redhat.java\1.23.0\config_win\org.eclipse.equinox.launcher\org.eclipse.equinox.launcher.win32.win32.x86_64_1.2.700.v20221108-1024\eclipse_11801.dll

Deoptimization events (20 events):
Event: 9.076 Thread 0x0000016cfc2adfe0 DEOPT PACKING pc=0x0000016c87c3f630 sp=0x00000007cb4fe500
Event: 9.076 Thread 0x0000016cfc2adfe0 DEOPT UNPACKING pc=0x0000016c875866a3 sp=0x00000007cb4fe488 mode 2
Event: 9.371 Thread 0x0000016cfb5fcf10 DEOPT PACKING pc=0x0000016c803d8a1c sp=0x00000007cb0fad50
Event: 9.371 Thread 0x0000016cfb5fcf10 DEOPT UNPACKING pc=0x0000016c87586e43 sp=0x00000007cb0fa2a8 mode 0
Event: 9.395 Thread 0x0000016cfb5fcf10 Uncommon trap: trap_request=0xffffffc6 fr.pc=0x0000016c87b66ad8 relative=0x0000000000000918
Event: 9.395 Thread 0x0000016cfb5fcf10 Uncommon trap: reason=bimorphic_or_optimized_type_check action=maybe_recompile pc=0x0000016c87b66ad8 method=java.util.HashMap.putVal(ILjava/lang/Object;Ljava/lang/Object;ZZ)Ljava/lang/Object; @ 56 c2
Event: 9.395 Thread 0x0000016cfb5fcf10 DEOPT PACKING pc=0x0000016c87b66ad8 sp=0x00000007cb0fde70
Event: 9.395 Thread 0x0000016cfb5fcf10 DEOPT UNPACKING pc=0x0000016c875866a3 sp=0x00000007cb0fddc8 mode 2
Event: 9.395 Thread 0x0000016cfb5fcf10 Uncommon trap: trap_request=0xffffffc6 fr.pc=0x0000016c87b66ad8 relative=0x0000000000000918
Event: 9.395 Thread 0x0000016cfb5fcf10 Uncommon trap: reason=bimorphic_or_optimized_type_check action=maybe_recompile pc=0x0000016c87b66ad8 method=java.util.HashMap.putVal(ILjava/lang/Object;Ljava/lang/Object;ZZ)Ljava/lang/Object; @ 56 c2
Event: 9.395 Thread 0x0000016cfb5fcf10 DEOPT PACKING pc=0x0000016c87b66ad8 sp=0x00000007cb0fde70
Event: 9.395 Thread 0x0000016cfb5fcf10 DEOPT UNPACKING pc=0x0000016c875866a3 sp=0x00000007cb0fddc8 mode 2
Event: 9.395 Thread 0x0000016cfb5fcf10 Uncommon trap: trap_request=0xffffffc6 fr.pc=0x0000016c87b66b3c relative=0x000000000000097c
Event: 9.395 Thread 0x0000016cfb5fcf10 Uncommon trap: reason=bimorphic_or_optimized_type_check action=maybe_recompile pc=0x0000016c87b66b3c method=java.util.HashMap.putVal(ILjava/lang/Object;Ljava/lang/Object;ZZ)Ljava/lang/Object; @ 152 c2
Event: 9.395 Thread 0x0000016cfb5fcf10 DEOPT PACKING pc=0x0000016c87b66b3c sp=0x00000007cb0fde70
Event: 9.395 Thread 0x0000016cfb5fcf10 DEOPT UNPACKING pc=0x0000016c875866a3 sp=0x00000007cb0fddd0 mode 2
Event: 9.395 Thread 0x0000016cfb5fcf10 Uncommon trap: trap_request=0xffffffc6 fr.pc=0x0000016c87b66ad8 relative=0x0000000000000918
Event: 9.395 Thread 0x0000016cfb5fcf10 Uncommon trap: reason=bimorphic_or_optimized_type_check action=maybe_recompile pc=0x0000016c87b66ad8 method=java.util.HashMap.putVal(ILjava/lang/Object;Ljava/lang/Object;ZZ)Ljava/lang/Object; @ 56 c2
Event: 9.395 Thread 0x0000016cfb5fcf10 DEOPT PACKING pc=0x0000016c87b66ad8 sp=0x00000007cb0fde70
Event: 9.395 Thread 0x0000016cfb5fcf10 DEOPT UNPACKING pc=0x0000016c875866a3 sp=0x00000007cb0fddc8 mode 2

Classes unloaded (7 events):
Event: 6.768 Thread 0x0000016cf0e14640 Unloading class 0x000000010024c000 'java/lang/invoke/LambdaForm$MH+0x000000010024c000'
Event: 6.768 Thread 0x0000016cf0e14640 Unloading class 0x000000010024bc00 'java/lang/invoke/LambdaForm$MH+0x000000010024bc00'
Event: 6.768 Thread 0x0000016cf0e14640 Unloading class 0x000000010024b800 'java/lang/invoke/LambdaForm$MH+0x000000010024b800'
Event: 6.768 Thread 0x0000016cf0e14640 Unloading class 0x000000010024b400 'java/lang/invoke/LambdaForm$MH+0x000000010024b400'
Event: 6.768 Thread 0x0000016cf0e14640 Unloading class 0x000000010024b000 'java/lang/invoke/LambdaForm$BMH+0x000000010024b000'
Event: 6.768 Thread 0x0000016cf0e14640 Unloading class 0x000000010024ac00 'java/lang/invoke/LambdaForm$DMH+0x000000010024ac00'
Event: 6.768 Thread 0x0000016cf0e14640 Unloading class 0x0000000100248000 'java/lang/invoke/LambdaForm$DMH+0x0000000100248000'

Classes redefined (0 events):
No events

Internal exceptions (20 events):
Event: 6.928 Thread 0x0000016cfb5fcf10 Exception <a 'java/lang/NoSuchMethodError'{0x00000000eaf419b0}: 'java.lang.Object java.lang.invoke.DirectMethodHandle$Holder.newInvokeSpecial(java.lang.Object, java.lang.Object, java.lang.Object, java.lang.Object, java.lang.Object)'> (0x00000000eaf419b0) 
thrown [s\src\hotspot\share\interpreter\linkResolver.cpp, line 759]
Event: 7.053 Thread 0x0000016cfb5fcf10 Exception <a 'java/lang/NoSuchMethodError'{0x00000000eb2d2d60}: 'java.lang.Object java.lang.invoke.DirectMethodHandle$Holder.invokeSpecial(java.lang.Object, java.lang.Object, java.lang.Object, long, java.lang.Object)'> (0x00000000eb2d2d60) 
thrown [s\src\hotspot\share\interpreter\linkResolver.cpp, line 759]
Event: 7.054 Thread 0x0000016cfb5fcf10 Exception <a 'java/lang/NoSuchMethodError'{0x00000000eb2daf18}: 'java.lang.Object java.lang.invoke.DirectMethodHandle$Holder.newInvokeSpecial(java.lang.Object, java.lang.Object, java.lang.Object, long)'> (0x00000000eb2daf18) 
thrown [s\src\hotspot\share\interpreter\linkResolver.cpp, line 759]
Event: 7.055 Thread 0x0000016cfb5fcf10 Exception <a 'java/lang/NoSuchMethodError'{0x00000000eb2df4b8}: 'java.lang.Object java.lang.invoke.DirectMethodHandle$Holder.invokeSpecial(java.lang.Object, java.lang.Object, java.lang.Object, java.lang.Object, long)'> (0x00000000eb2df4b8) 
thrown [s\src\hotspot\share\interpreter\linkResolver.cpp, line 759]
Event: 7.055 Thread 0x0000016cfb5fcf10 Exception <a 'java/lang/NoSuchMethodError'{0x00000000eb2e3330}: 'java.lang.Object java.lang.invoke.Invokers$Holder.linkToTargetMethod(java.lang.Object, java.lang.Object, long, java.lang.Object)'> (0x00000000eb2e3330) 
thrown [s\src\hotspot\share\interpreter\linkResolver.cpp, line 759]
Event: 7.065 Thread 0x0000016cfb5fcf10 Exception <a 'java/lang/NoSuchMethodError'{0x00000000eb36a990}: 'int java.lang.invoke.DirectMethodHandle$Holder.invokeStaticInit(java.lang.Object, java.lang.Object, java.lang.Object)'> (0x00000000eb36a990) 
thrown [s\src\hotspot\share\interpreter\linkResolver.cpp, line 759]
Event: 7.076 Thread 0x0000016cfb5fcf10 Exception <a 'java/lang/IncompatibleClassChangeError'{0x00000000eb3e2f78}: Found class java.lang.Object, but interface was expected> (0x00000000eb3e2f78) 
thrown [s\src\hotspot\share\interpreter\linkResolver.cpp, line 826]
Event: 7.082 Thread 0x0000016cfb5fcf10 Exception <a 'java/lang/NoSuchMethodError'{0x00000000eb3f7138}: 'java.lang.Object java.lang.invoke.DirectMethodHandle$Holder.invokeSpecial(java.lang.Object, java.lang.Object, java.lang.Object, int, java.lang.Object, java.lang.Object)'> (0x00000000eb3f7138) 
thrown [s\src\hotspot\share\interpreter\linkResolver.cpp, line 759]
Event: 7.083 Thread 0x0000016cfb5fcf10 Exception <a 'java/lang/NoSuchMethodError'{0x00000000eb3ff830}: 'java.lang.Object java.lang.invoke.DirectMethodHandle$Holder.newInvokeSpecial(java.lang.Object, java.lang.Object, java.lang.Object, int, java.lang.Object)'> (0x00000000eb3ff830) 
thrown [s\src\hotspot\share\interpreter\linkResolver.cpp, line 759]
Event: 7.083 Thread 0x0000016cfb5fcf10 Exception <a 'java/lang/NoSuchMethodError'{0x00000000eb403c88}: 'java.lang.Object java.lang.invoke.DirectMethodHandle$Holder.invokeSpecial(java.lang.Object, java.lang.Object, java.lang.Object, java.lang.Object, int, java.lang.Object)'> (0x00000000eb403c88) 
thrown [s\src\hotspot\share\interpreter\linkResolver.cpp, line 759]
Event: 7.085 Thread 0x0000016cfc2adfe0 Exception <a 'java/lang/NoSuchMethodError'{0x00000000eb341520}: 'java.lang.Object java.lang.invoke.DirectMethodHandle$Holder.invokeSpecial(java.lang.Object, java.lang.Object, int, java.lang.Object, java.lang.Object)'> (0x00000000eb341520) 
thrown [s\src\hotspot\share\interpreter\linkResolver.cpp, line 759]
Event: 7.375 Thread 0x0000016cfb5fcf10 Exception <a 'java/lang/NoSuchMethodError'{0x00000000ebfd6768}: 'java.lang.Object java.lang.invoke.Invokers$Holder.linkToTargetMethod(java.lang.Object, long, java.lang.Object, java.lang.Object)'> (0x00000000ebfd6768) 
thrown [s\src\hotspot\share\interpreter\linkResolver.cpp, line 759]
Event: 7.550 Thread 0x0000016cfb5fcf10 Exception <a 'java/io/FileNotFoundException'{0x00000000eae0b828}> (0x00000000eae0b828) 
thrown [s\src\hotspot\share\prims\jni.cpp, line 516]
Event: 7.863 Thread 0x0000016cfb5fcf10 Exception <a 'java/lang/NoSuchMethodError'{0x00000000eb5dadb8}: 'void java.lang.invoke.DirectMethodHandle$Holder.invokeSpecial(java.lang.Object, java.lang.Object, java.lang.Object, int)'> (0x00000000eb5dadb8) 
thrown [s\src\hotspot\share\interpreter\linkResolver.cpp, line 759]
Event: 8.995 Thread 0x0000016cfc2adfe0 Exception <a 'java/lang/NoSuchMethodError'{0x00000000ebcfec90}: 'void java.lang.invoke.DirectMethodHandle$Holder.invokeStatic(java.lang.Object, java.lang.Object, java.lang.Object, java.lang.Object)'> (0x00000000ebcfec90) 
thrown [s\src\hotspot\share\interpreter\linkResolver.cpp, line 759]
Event: 9.034 Thread 0x0000016cfb5fcf10 Exception <a 'java/lang/ClassNotFoundException'{0x00000000ebe21ac0}: com/sun/org/apache/xerces/internal/impl/msg/spi/DOMMessagesProvider> (0x00000000ebe21ac0) 
thrown [s\src\hotspot\share\classfile\systemDictionary.cpp, line 256]
Event: 9.036 Thread 0x0000016cfb5fcf10 Exception <a 'java/lang/ClassNotFoundException'{0x00000000ebe33248}: com/sun/org/apache/xerces/internal/impl/msg/spi/XMLSerializerMessagesProvider> (0x00000000ebe33248) 
thrown [s\src\hotspot\share\classfile\systemDictionary.cpp, line 256]
Event: 9.038 Thread 0x0000016cfb5fcf10 Exception <a 'java/lang/ClassNotFoundException'{0x00000000ebeba598}: com/sun/org/apache/xerces/internal/impl/msg/spi/XMLMessagesProvider> (0x00000000ebeba598) 
thrown [s\src\hotspot\share\classfile\systemDictionary.cpp, line 256]
Event: 9.115 Thread 0x0000016cfc2adfe0 Exception <a 'java/lang/NoSuchMethodError'{0x00000000ec0799c8}: 'java.lang.Object java.lang.invoke.DirectMethodHandle$Holder.invokeSpecialIFC(java.lang.Object, java.lang.Object, java.lang.Object, java.lang.Object)'> (0x00000000ec0799c8) 
thrown [s\src\hotspot\share\interpreter\linkResolver.cpp, line 759]
Event: 9.191 Thread 0x0000016cfb5fcf10 Exception <a 'java/lang/NoSuchMethodError'{0x00000000ebf772f8}: 'void java.lang.invoke.DirectMethodHandle$Holder.invokeVirtual(java.lang.Object, java.lang.Object)'> (0x00000000ebf772f8) 
thrown [s\src\hotspot\share\interpreter\linkResolver.cpp, line 759]

VM Operations (20 events):
Event: 7.202 Executing VM operation: HandshakeAllThreads
Event: 7.202 Executing VM operation: HandshakeAllThreads done
Event: 7.491 Executing VM operation: ParallelGCFailedAllocation
Event: 7.497 Executing VM operation: ParallelGCFailedAllocation done
Event: 7.710 Executing VM operation: HandshakeAllThreads
Event: 7.710 Executing VM operation: HandshakeAllThreads done
Event: 8.231 Executing VM operation: ParallelGCFailedAllocation
Event: 8.239 Executing VM operation: ParallelGCFailedAllocation done
Event: 8.715 Executing VM operation: ParallelGCFailedAllocation
Event: 8.718 Executing VM operation: ParallelGCFailedAllocation done
Event: 9.023 Executing VM operation: HandshakeAllThreads
Event: 9.023 Executing VM operation: HandshakeAllThreads done
Event: 9.023 Executing VM operation: HandshakeAllThreads
Event: 9.024 Executing VM operation: HandshakeAllThreads done
Event: 9.230 Executing VM operation: HandshakeAllThreads
Event: 9.340 Executing VM operation: HandshakeAllThreads done
Event: 9.372 Executing VM operation: ParallelGCFailedAllocation
Event: 9.382 Executing VM operation: ParallelGCFailedAllocation done
Event: 9.394 Executing VM operation: HandshakeAllThreads
Event: 9.394 Executing VM operation: HandshakeAllThreads done

Events (20 events):
Event: 9.339 Thread 0x0000016cfc2ac690 Thread added: 0x0000016cfc2ac690
Event: 9.361 Thread 0x0000016cfc2aea00 Thread added: 0x0000016cfc2aea00
Event: 9.393 loading class java/lang/ProcessEnvironment
Event: 9.394 loading class java/lang/ProcessEnvironment done
Event: 9.394 loading class java/lang/ProcessEnvironment$NameComparator
Event: 9.395 loading class java/lang/ProcessEnvironment$NameComparator done
Event: 9.395 loading class java/lang/ProcessEnvironment$EntryComparator
Event: 9.395 loading class java/lang/ProcessEnvironment$EntryComparator done
Event: 9.395 loading class java/lang/ProcessEnvironment$CheckedEntrySet
Event: 9.396 loading class java/lang/ProcessEnvironment$CheckedEntrySet done
Event: 9.396 loading class java/lang/ProcessEnvironment$CheckedEntrySet$1
Event: 9.396 loading class java/lang/ProcessEnvironment$CheckedEntrySet$1 done
Event: 9.396 loading class java/lang/ProcessEnvironment$CheckedEntry
Event: 9.396 loading class java/lang/ProcessEnvironment$CheckedEntry done
Event: 9.414 loading class java/util/UUID$Holder
Event: 9.414 loading class java/util/UUID$Holder done
Event: 9.414 loading class java/security/SecureRandom
Event: 9.425 loading class java/io/FilterReader
Event: 9.425 loading class java/io/FilterReader done
Event: 9.430 loading class java/security/SecureRandom done


Dynamic libraries:
0x00007ff67a7d0000 - 0x00007ff67a7de000 	c:\Users\admin\.vscode\extensions\redhat.java-1.23.0-win32-x64\jre\17.0.8.1-win32-x86_64\bin\java.exe
0x00007ff80ff10000 - 0x00007ff810108000 	C:\Windows\SYSTEM32\ntdll.dll
0x00007ff80f2e0000 - 0x00007ff80f39f000 	C:\Windows\System32\KERNEL32.DLL
0x00007ff80da20000 - 0x00007ff80dcf2000 	C:\Windows\System32\KERNELBASE.dll
0x00007ff80d920000 - 0x00007ff80da20000 	C:\Windows\System32\ucrtbase.dll
0x00007ff807aa0000 - 0x00007ff807ab7000 	c:\Users\admin\.vscode\extensions\redhat.java-1.23.0-win32-x64\jre\17.0.8.1-win32-x86_64\bin\jli.dll
0x00007ff80f410000 - 0x00007ff80f5b1000 	C:\Windows\System32\USER32.dll
0x00007ff80de10000 - 0x00007ff80de32000 	C:\Windows\System32\win32u.dll
0x00007ff80e030000 - 0x00007ff80e05b000 	C:\Windows\System32\GDI32.dll
0x00007ff80dd00000 - 0x00007ff80de0f000 	C:\Windows\System32\gdi32full.dll
0x00007ff80d720000 - 0x00007ff80d7bd000 	C:\Windows\System32\msvcp_win.dll
0x00007ffffb3e0000 - 0x00007ffffb3f9000 	c:\Users\admin\.vscode\extensions\redhat.java-1.23.0-win32-x64\jre\17.0.8.1-win32-x86_64\bin\VCRUNTIME140.dll
0x00007ffffb800000 - 0x00007ffffba9a000 	C:\Windows\WinSxS\amd64_microsoft.windows.common-controls_6595b64144ccf1df_6.0.19041.1110_none_60b5254171f9507e\COMCTL32.dll
0x00007ff80df60000 - 0x00007ff80dffe000 	C:\Windows\System32\msvcrt.dll
0x00007ff80f5c0000 - 0x00007ff80f5f0000 	C:\Windows\System32\IMM32.DLL
0x00007ff808fd0000 - 0x00007ff808fdc000 	c:\Users\admin\.vscode\extensions\redhat.java-1.23.0-win32-x64\jre\17.0.8.1-win32-x86_64\bin\vcruntime140_1.dll
0x00007fffdf9c0000 - 0x00007fffdfa51000 	c:\Users\admin\.vscode\extensions\redhat.java-1.23.0-win32-x64\jre\17.0.8.1-win32-x86_64\bin\msvcp140.dll
0x00007fffbc020000 - 0x00007fffbcc6c000 	c:\Users\admin\.vscode\extensions\redhat.java-1.23.0-win32-x64\jre\17.0.8.1-win32-x86_64\bin\server\jvm.dll
0x00007ff80f7a0000 - 0x00007ff80f84e000 	C:\Windows\System32\ADVAPI32.dll
0x00007ff80f240000 - 0x00007ff80f2dc000 	C:\Windows\System32\sechost.dll
0x00007ff80fcc0000 - 0x00007ff80fde5000 	C:\Windows\System32\RPCRT4.dll
0x00007ff80cb90000 - 0x00007ff80cbdb000 	C:\Windows\SYSTEM32\POWRPROF.dll
0x00007fffe85d0000 - 0x00007fffe85d9000 	C:\Windows\SYSTEM32\WSOCK32.dll
0x00007ff80f3a0000 - 0x00007ff80f40b000 	C:\Windows\System32\WS2_32.dll
0x00007ffffe220000 - 0x00007ffffe247000 	C:\Windows\SYSTEM32\WINMM.dll
0x00007ff805bc0000 - 0x00007ff805bca000 	C:\Windows\SYSTEM32\VERSION.dll
0x00007ff80ca50000 - 0x00007ff80ca62000 	C:\Windows\SYSTEM32\UMPDC.dll
0x00007ff80b490000 - 0x00007ff80b4a2000 	C:\Windows\SYSTEM32\kernel.appcore.dll
0x00007ff808b40000 - 0x00007ff808b4a000 	c:\Users\admin\.vscode\extensions\redhat.java-1.23.0-win32-x64\jre\17.0.8.1-win32-x86_64\bin\jimage.dll
0x00007ffff6c10000 - 0x00007ffff6df4000 	C:\Windows\SYSTEM32\DBGHELP.DLL
0x00007ffff6bd0000 - 0x00007ffff6c05000 	C:\Windows\SYSTEM32\dbgcore.DLL
0x00007ff80d690000 - 0x00007ff80d712000 	C:\Windows\System32\bcryptPrimitives.dll
0x00007ff8083f0000 - 0x00007ff8083fe000 	c:\Users\admin\.vscode\extensions\redhat.java-1.23.0-win32-x64\jre\17.0.8.1-win32-x86_64\bin\instrument.dll
0x00007ffff8e00000 - 0x00007ffff8e25000 	c:\Users\admin\.vscode\extensions\redhat.java-1.23.0-win32-x64\jre\17.0.8.1-win32-x86_64\bin\java.dll
0x00007ffffa010000 - 0x00007ffffa028000 	c:\Users\admin\.vscode\extensions\redhat.java-1.23.0-win32-x64\jre\17.0.8.1-win32-x86_64\bin\zip.dll
0x00007ff80e260000 - 0x00007ff80e9a5000 	C:\Windows\System32\SHELL32.dll
0x00007ff80b690000 - 0x00007ff80be22000 	C:\Windows\SYSTEM32\windows.storage.dll
0x00007ff80edc0000 - 0x00007ff80f115000 	C:\Windows\System32\combase.dll
0x00007ff80d070000 - 0x00007ff80d0a0000 	C:\Windows\SYSTEM32\Wldp.dll
0x00007ff80eae0000 - 0x00007ff80eb8d000 	C:\Windows\System32\SHCORE.dll
0x00007ff80f130000 - 0x00007ff80f185000 	C:\Windows\System32\shlwapi.dll
0x00007ff80d550000 - 0x00007ff80d56f000 	C:\Windows\SYSTEM32\profapi.dll
0x00007ffff9ee0000 - 0x00007ffff9ef9000 	C:\Users\admin\.vscode\extensions\redhat.java-1.23.0-win32-x64\jre\17.0.8.1-win32-x86_64\bin\net.dll
0x00007ff803d60000 - 0x00007ff803e6a000 	C:\Windows\SYSTEM32\WINHTTP.dll
0x00007ff80cdd0000 - 0x00007ff80ce3a000 	C:\Windows\system32\mswsock.dll
0x00007ffff8de0000 - 0x00007ffff8df5000 	C:\Users\admin\.vscode\extensions\redhat.java-1.23.0-win32-x64\jre\17.0.8.1-win32-x86_64\bin\nio.dll
0x00007ff807af0000 - 0x00007ff807b00000 	c:\Users\admin\.vscode\extensions\redhat.java-1.23.0-win32-x64\jre\17.0.8.1-win32-x86_64\bin\verify.dll
0x00007fffe1620000 - 0x00007fffe165e000 	C:\Users\admin\AppData\Roaming\Code\User\globalStorage\redhat.java\1.23.0\config_win\org.eclipse.equinox.launcher\org.eclipse.equinox.launcher.win32.win32.x86_64_1.2.700.v20221108-1024\eclipse_11801.dll
0x00007ff80ec90000 - 0x00007ff80edba000 	C:\Windows\System32\ole32.dll
0x00007ff80cfc0000 - 0x00007ff80cfd8000 	C:\Windows\SYSTEM32\CRYPTSP.dll
0x00007ff80c680000 - 0x00007ff80c6b4000 	C:\Windows\system32\rsaenh.dll
0x00007ff80d610000 - 0x00007ff80d637000 	C:\Windows\System32\bcrypt.dll
0x00007ff80d4d0000 - 0x00007ff80d4fe000 	C:\Windows\SYSTEM32\USERENV.dll
0x00007ff80cfe0000 - 0x00007ff80cfec000 	C:\Windows\SYSTEM32\CRYPTBASE.dll
0x00007ff80ca70000 - 0x00007ff80caab000 	C:\Windows\SYSTEM32\IPHLPAPI.DLL
0x00007ff80e020000 - 0x00007ff80e028000 	C:\Windows\System32\NSI.dll
0x00007ff806590000 - 0x00007ff8065a7000 	C:\Windows\SYSTEM32\dhcpcsvc6.DLL
0x00007ff806570000 - 0x00007ff80658d000 	C:\Windows\SYSTEM32\dhcpcsvc.DLL
0x00007ff80cac0000 - 0x00007ff80cb8b000 	C:\Windows\SYSTEM32\DNSAPI.dll

dbghelp: loaded successfully - version: 4.0.5 - missing functions: none
symbol engine: initialized successfully - sym options: 0x614 - pdb path: .;c:\Users\admin\.vscode\extensions\redhat.java-1.23.0-win32-x64\jre\17.0.8.1-win32-x86_64\bin;C:\Windows\SYSTEM32;C:\Windows\WinSxS\amd64_microsoft.windows.common-controls_6595b64144ccf1df_6.0.19041.1110_none_60b5254171f9507e;c:\Users\admin\.vscode\extensions\redhat.java-1.23.0-win32-x64\jre\17.0.8.1-win32-x86_64\bin\server;C:\Users\admin\AppData\Roaming\Code\User\globalStorage\redhat.java\1.23.0\config_win\org.eclipse.equinox.launcher\org.eclipse.equinox.launcher.win32.win32.x86_64_1.2.700.v20221108-1024

VM Arguments:
jvm_args: --add-modules=ALL-SYSTEM --add-opens=java.base/java.util=ALL-UNNAMED --add-opens=java.base/java.lang=ALL-UNNAMED --add-opens=java.base/sun.nio.fs=ALL-UNNAMED -Declipse.application=org.eclipse.jdt.ls.core.id1 -Dosgi.bundles.defaultStartLevel=4 -Declipse.product=org.eclipse.jdt.ls.core.product -Djava.import.generatesMetadataFilesAtProjectRoot=false -DDetectVMInstallationsJob.disabled=true -Dfile.encoding=utf8 -XX:+UseParallelGC -XX:GCTimeRatio=4 -XX:AdaptiveSizePolicyWeight=90 -Dsun.zip.disableMemoryMapping=true -Xmx1G -Xms100m -Xlog:disable -javaagent:c:\Users\admin\.vscode\extensions\redhat.java-1.23.0-win32-x64\lombok\lombok-1.18.30.jar -XX:+HeapDumpOnOutOfMemoryError -XX:HeapDumpPath=c:\Users\admin\AppData\Roaming\Code\User\workspaceStorage\4ef763888815eea709a27df586a60389\redhat.java -Daether.dependencyCollector.impl=bf 
java_command: c:\Users\admin\.vscode\extensions\redhat.java-1.23.0-win32-x64\server\plugins\org.eclipse.equinox.launcher_1.6.500.v20230717-2134.jar -configuration c:\Users\admin\AppData\Roaming\Code\User\globalStorage\redhat.java\1.23.0\config_win -data c:\Users\admin\AppData\Roaming\Code\User\workspaceStorage\4ef763888815eea709a27df586a60389\redhat.java\jdt_ws
java_class_path (initial): c:\Users\admin\.vscode\extensions\redhat.java-1.23.0-win32-x64\server\plugins\org.eclipse.equinox.launcher_1.6.500.v20230717-2134.jar
Launcher Type: SUN_STANDARD

[Global flags]
    uintx AdaptiveSizePolicyWeight                 = 90                                        {product} {command line}
     intx CICompilerCount                          = 3                                         {product} {ergonomic}
    uintx GCTimeRatio                              = 4                                         {product} {command line}
     bool HeapDumpOnOutOfMemoryError               = true                                   {manageable} {command line}
    ccstr HeapDumpPath                             = c:\Users\admin\AppData\Roaming\Code\User\workspaceStorage\4ef763888815eea709a27df586a60389\redhat.java         {manageable} {command line}
   size_t InitialHeapSize                          = 104857600                                 {product} {command line}
   size_t MaxHeapSize                              = 1073741824                                {product} {command line}
   size_t MaxNewSize                               = 357564416                                 {product} {ergonomic}
   size_t MinHeapDeltaBytes                        = 524288                                    {product} {ergonomic}
   size_t MinHeapSize                              = 104857600                                 {product} {command line}
   size_t NewSize                                  = 34603008                                  {product} {ergonomic}
    uintx NonNMethodCodeHeapSize                   = 5832780                                {pd product} {ergonomic}
    uintx NonProfiledCodeHeapSize                  = 122912730                              {pd product} {ergonomic}
   size_t OldSize                                  = 70254592                                  {product} {ergonomic}
    uintx ProfiledCodeHeapSize                     = 122912730                              {pd product} {ergonomic}
    uintx ReservedCodeCacheSize                    = 251658240                              {pd product} {ergonomic}
     bool SegmentedCodeCache                       = true                                      {product} {ergonomic}
   size_t SoftMaxHeapSize                          = 1073741824                             {manageable} {ergonomic}
     bool UseCompressedClassPointers               = true                           {product lp64_product} {ergonomic}
     bool UseCompressedOops                        = true                           {product lp64_product} {ergonomic}
     bool UseLargePagesIndividualAllocation        = false                                  {pd product} {ergonomic}
     bool UseParallelGC                            = true                                      {product} {command line}

Logging:
Log output configuration:
 #0: stdout all=off uptime,level,tags
 #1: stderr all=off uptime,level,tags

Environment Variables:
PATH=C:\Program Files\Java\jdk-17\bin;C:\Program Files\Java\jdk-20\bin;D:\app\oracle12c\product\12.1.0\dbhome_1\bin;D:\app\Orcl12c\product\12.1.0\dbhome_1\bin;C:\Program Files\Common Files\Oracle\Java\javapath;C:\Windows\system32;C:\Windows;C:\Windows\System32\Wbem;C:\Windows\System32\WindowsPowerShell\v1.0\;C:\Windows\System32\OpenSSH\;C:\Program Files\Java\apache-maven-3.9.4\bin;C:\Program Files\Git\cmd;C:\Program Files\MySQL\MySQL Server 8.0\bin;C:\Program Files\MySQL\MySQL Shell 8.0\bin\;C:\Program Files\Java\jdk-17\bin;C:\Users\admin\AppData\Local\Microsoft\WindowsApps;C:\Users\admin\AppData\Local\Programs\Microsoft VS Code\bin;C:\Program Files\JetBrains\IntelliJ IDEA Community Edition 2023.2.2\bin;;C:\Program Files\MySQL\MySQL Server 8.0\bin;
USERNAME=admin
OS=Windows_NT
PROCESSOR_IDENTIFIER=Intel64 Family 6 Model 61 Stepping 4, GenuineIntel
TMP=C:\Users\admin\AppData\Local\Temp
TEMP=C:\Users\admin\AppData\Local\Temp



---------------  S Y S T E M  ---------------

OS:
 Windows 10 , 64 bit Build 19041 (10.0.19041.2546)
OS uptime: 4 days 22:19 hours

CPU: total 4 (initial active 4) (2 cores per cpu, 2 threads per core) family 6 model 61 stepping 4 microcode 0x2d, cx8, cmov, fxsr, ht, mmx, 3dnowpref, sse, sse2, sse3, ssse3, sse4.1, sse4.2, popcnt, lzcnt, tsc, tscinvbit, avx, avx2, aes, erms, clmul, bmi1, bmi2, adx, fma, vzeroupper, clflush
Processor Information for all 4 processors :
  Max Mhz: 2100, Current Mhz: 2100, Mhz Limit: 2100

Memory: 4k page, system-wide physical 8094M (1535M free)
TotalPageFile size 15006M (AvailPageFile size 2818M)
current process WorkingSet (physical memory assigned to process): 181M, peak: 181M
current process commit charge ("private bytes"): 269M, peak: 269M

vm_info: OpenJDK 64-Bit Server VM (17.0.8.1+1) for windows-amd64 JRE (17.0.8.1+1), built on Aug 23 2023 15:29:17 by "admin" with MS VC++ 16.7 (VS2019)

END.
